Thread "Main" is TID 1
Thread "LuaEngine" is TID 10
Thread "ResultCheckThread" is TID 11
Thread "PPSMonitor" is TID 12
Thread "Heartbeat" is TID 13
Thread "TCPServer" is TID 14
Thread "UDPServer" is TID 15
Thread "Main(Waiting)" is TID 1
Thread "PluginMonitor" is TID 16
Thread "Identify" is TID 17
Thread "Identify" is TID 18
Thread "(0) "ORIGIN31"" is TID 17
Thread "Looper" is TID 19
Thread "Identify" is TID 20
Thread "Identify" is TID 21
Thread "(1) "louison_rcn"" is TID 20
Thread "Looper" is TID 22
Thread "Identify" is TID 37
Thread "Identify" is TID 38
Thread "(0) "ORIGIN31"" is TID 37
Thread "Looper" is TID 39
Thread "LuaEngine" is TID 10
Thread "Main" is TID 1
Thread "ResultCheckThread" is TID 11
Thread "PPSMonitor" is TID 12
Thread "Heartbeat" is TID 13
Thread "TCPServer" is TID 14
Thread "UDPServer" is TID 15
Thread "Main(Waiting)" is TID 1
Thread "PluginMonitor" is TID 16
Thread "LuaEngine" is TID 10
Thread "Main" is TID 1
Thread "ResultCheckThread" is TID 11
Thread "PPSMonitor" is TID 12
Thread "UDPServer" is TID 15
Thread "Heartbeat" is TID 13
Thread "TCPServer" is TID 14
Thread "PluginMonitor" is TID 16
Thread "Main(Waiting)" is TID 1
Thread "Main" is TID 1
Thread "LuaEngine" is TID 10
Thread "ResultCheckThread" is TID 11
Thread "Heartbeat" is TID 13
Thread "UDPServer" is TID 15
Thread "TCPServer" is TID 14
Thread "PPSMonitor" is TID 12
Thread "Main(Waiting)" is TID 1
Thread "PluginMonitor" is TID 16
Thread "Identify" is TID 20
Thread "Identify" is TID 21
Thread "(0) "ORIGIN31"" is TID 20
Thread "Looper" is TID 22
Thread "Identify" is TID 23
Thread "Identify" is TID 24
Thread "(0) "ORIGIN31"" is TID 23
Thread "Looper" is TID 25
Thread "Identify" is TID 26
Thread "Identify" is TID 27
Thread "(0) "ORIGIN31"" is TID 26
Thread "Looper" is TID 28
Thread "Identify" is TID 29
Thread "Identify" is TID 30
Thread "SplitLoad_0" is TID 31
Thread "SplitLoad_1" is TID 32
Thread "(0) "louison_rcn"" is TID 29
Thread "Looper" is TID 33
Thread "Identify" is TID 34
Thread "Identify" is TID 35
Thread "SplitLoad_0" is TID 36
Thread "SplitLoad_1" is TID 37
Thread "(0) "louison_rcn"" is TID 34
Thread "Looper" is TID 38
Thread "Identify" is TID 39
Thread "Identify" is TID 40
Thread "SplitLoad_1" is TID 42
Thread "SplitLoad_0" is TID 41
Thread "(0) "louison_rcn"" is TID 39
Thread "Looper" is TID 43
Thread "Identify" is TID 44
Thread "Identify" is TID 45
Thread "SplitLoad_0" is TID 46
Thread "SplitLoad_1" is TID 47
Thread "(0) "louison_rcn"" is TID 44
Thread "Looper" is TID 48
Thread "Identify" is TID 49
Thread "Identify" is TID 50
Thread "SplitLoad_1" is TID 52
Thread "SplitLoad_0" is TID 51
Thread "(0) "louison_rcn"" is TID 49
Thread "Looper" is TID 53
Thread "Identify" is TID 54
Thread "Identify" is TID 55
Thread "SplitLoad_1" is TID 57
Thread "SplitLoad_0" is TID 56
Thread "(0) "louison_rcn"" is TID 54
Thread "Looper" is TID 58
Thread "Identify" is TID 59
Thread "Identify" is TID 60
Thread "SplitLoad_0" is TID 61
Thread "SplitLoad_1" is TID 62
Thread "(0) "louison_rcn"" is TID 59
Thread "Looper" is TID 63
Thread "Identify" is TID 64
Thread "Identify" is TID 65
Thread "SplitLoad_1" is TID 67
Thread "SplitLoad_0" is TID 66
Thread "(0) "louison_rcn"" is TID 64
Thread "Looper" is TID 68
Thread "Identify" is TID 69
Thread "Identify" is TID 70
Thread "SplitLoad_0" is TID 71
Thread "SplitLoad_1" is TID 72
Thread "(0) "louison_rcn"" is TID 69
Thread "Looper" is TID 73
Thread "Identify" is TID 74
Thread "Identify" is TID 75
Thread "SplitLoad_0" is TID 76
Thread "SplitLoad_1" is TID 77
Thread "(0) "louison_rcn"" is TID 74
Thread "Looper" is TID 78
Thread "Identify" is TID 79
Thread "Identify" is TID 80
Thread "SplitLoad_0" is TID 81
Thread "SplitLoad_1" is TID 82
Thread "(0) "louison_rcn"" is TID 79
Thread "Looper" is TID 83
Thread "Identify" is TID 84
Thread "Identify" is TID 85
Thread "SplitLoad_0" is TID 86
Thread "SplitLoad_1" is TID 87
Thread "(0) "louison_rcn"" is TID 84
Thread "Looper" is TID 88
Thread "Identify" is TID 89
Thread "Identify" is TID 90
Thread "SplitLoad_0" is TID 91
Thread "SplitLoad_1" is TID 92
Thread "(0) "louison_rcn"" is TID 89
Thread "Looper" is TID 93
Thread "Identify" is TID 94
Thread "Identify" is TID 95
Thread "(0) "louison_rcn"" is TID 94
Thread "Looper" is TID 96
Thread "Identify" is TID 97
Thread "Identify" is TID 98
Thread "(1) "ORIGIN31"" is TID 97
Thread "Looper" is TID 99
Thread "Identify" is TID 100
Thread "Identify" is TID 101
Thread "(0) "louison_rcn"" is TID 100
Thread "Looper" is TID 102
Thread "Identify" is TID 103
Thread "Identify" is TID 104
Thread "(0) "ORIGIN31"" is TID 103
Thread "Looper" is TID 105
Thread "Main" is TID 1
Thread "LuaEngine" is TID 10
Thread "ResultCheckThread" is TID 11
Thread "PPSMonitor" is TID 12
Thread "Heartbeat" is TID 13
Thread "TCPServer" is TID 14
Thread "UDPServer" is TID 15
Thread "Main(Waiting)" is TID 1
Thread "PluginMonitor" is TID 16
Thread "Main" is TID 1
Thread "LuaEngine" is TID 10
Thread "ResultCheckThread" is TID 11
Thread "PPSMonitor" is TID 12
Thread "Heartbeat" is TID 13
Thread "TCPServer" is TID 14
Thread "UDPServer" is TID 15
Thread "Main(Waiting)" is TID 1
Thread "PluginMonitor" is TID 16
Thread "Identify" is TID 17
Thread "Identify" is TID 18
Thread "SplitLoad_0" is TID 19
Thread "SplitLoad_1" is TID 20
Thread "Identify" is TID 21
Thread "Identify" is TID 22
Thread "SplitLoad_0" is TID 23
Thread "SplitLoad_1" is TID 24
Thread "(1) "ORIGIN31"" is TID 21
Thread "Looper" is TID 25
Thread "(0) "ORIGIN31"" is TID 17
Thread "Looper" is TID 26
Thread "Identify" is TID 27
Thread "Identify" is TID 28
Thread "(0) "ORIGIN31"" is TID 27
Thread "Looper" is TID 29
Thread "Identify" is TID 30
Thread "Identify" is TID 31
Thread "(0) "ORIGIN31"" is TID 30
Thread "Looper" is TID 32
